2025-07-14 16:22:10 mkdir test
2025-07-14 16:22:18 mkdir test
2025-07-14 16:27:34 mkdir hasurav2
2025-07-14 16:51:06 hasura console
2025-07-14 16:51:07 ls
2025-07-14 17:05:01 hasura metadata ic list
2025-07-14 17:05:03 ls
2025-07-14 17:05:09 mkdir hasuraDDN
2025-07-14 17:05:10 ls
2025-07-14 17:43:56 cd ..
2025-07-14 17:43:57 ls
2025-07-14 17:47:19 cd ..
2025-07-14 17:47:24 ls
2025-07-14 17:47:32 cd permissionMigrationsV2toDDN
2025-07-14 17:47:33 ls
2025-07-14 17:47:35 cd hasura
2025-07-14 17:49:21 docker exec -it 4db083030657 sh
2025-07-14 17:49:22 ls
2025-07-14 17:53:06 cd ..
2025-07-14 17:53:06 ls
2025-07-14 17:53:15 rm -rf hasuraDDN
2025-07-14 17:53:17 ls
2025-07-14 17:53:22 mkdir hasuraDDN
2025-07-15 15:30:16 ddn supergraph build local
2025-07-15 15:30:16 ls
2025-07-15 15:30:20 cd hasura
2025-07-15 17:47:26 ddn supergraph build local
2025-07-15 17:47:32 ls
2025-07-15 17:49:55 git init
2025-07-15 17:50:45 gi add .
