2025-07-14 16:27:36 cd hasurav2
2025-07-14 16:27:38 ;s
2025-07-14 16:27:39 ls
2025-07-14 16:27:45 vi docker-compose.yaml
2025-07-14 16:29:22 ls
2025-07-14 16:31:53 hasura
2025-07-14 16:31:55 hasura init -h
2025-07-14 16:32:07 ls
2025-07-14 16:32:47 hasura init --endpoint http://localhost:8080/ --admin-secret myadminsecretkey
2025-07-14 16:32:48 ls
2025-07-14 16:51:13 cd hasurav2
2025-07-14 16:51:14 ls
2025-07-14 17:47:48 cd ..
2025-07-14 17:47:48 ls
2025-07-14 17:47:53 docker ps
2025-07-14 17:48:03 docker exec -it 4db083030657 -- sh
2025-07-14 17:48:05 docker exec -it 4db083030657 --sh
2025-07-14 17:48:34 docker exec -it 4db083030657 sh
2025-07-15 15:34:30 ls
2025-07-15 15:35:36 ls
2025-07-15 15:35:45 docker compose up -d
2025-07-15 15:48:24 ls
